<?xml version="1.0" encoding="UTF-8"?>
<!-- Generated by org.testng.reporters.JUnitReportReporter -->
<testsuite hostname="LD-DiptiRanjan" failures="0" tests="1" name="Test.Testclass" time="25.858" errors="0" timestamp="2023-07-10T12:41:32 IST" skipped="0">
  <testcase classname="Test.Testclass" name="executing" time="25.858"/>
  <system-out/>
</testsuite> <!-- Test.Testclass -->
